TN:
SF:src\modules\appointments\services\CreateAppointmentService.ts
FN:39,__awaiter
FN:39,adopt
FN:39,fulfilled
FN:39,rejected
FN:39,step
FN:39,__generator
FN:39,sent
FN:39,g.<computed>
FN:39,verb
FN:39,step
FN:39,__importDefault
FN:15,CreateAppointmentService
FN:19,CreateAppointmentService.execute
FNF:13
FNH:11
FNDA:3,__awaiter
FNDA:5,adopt
FNDA:5,fulfilled
FNDA:0,rejected
FNDA:7,step
FNDA:3,__generator
FNDA:5,sent
FNDA:0,g.<computed>
FNDA:9,verb
FNDA:8,step
FNDA:1,__importDefault
FNDA:2,CreateAppointmentService
FNDA:3,CreateAppointmentService.execute
DA:1,1
DA:2,1
DA:3,1
DA:4,1
DA:5,1
DA:6,1
DA:7,1
DA:8,1
DA:9,1
DA:10,1
DA:11,1
DA:12,1
DA:13,1
DA:14,1
DA:15,1
DA:16,2
DA:17,2
DA:18,1
DA:19,1
DA:20,3
DA:21,3
DA:22,3
DA:23,3
DA:24,3
DA:25,3
DA:26,3
DA:27,1
DA:28,1
DA:29,2
DA:30,2
DA:31,2
DA:32,2
DA:33,2
DA:34,3
DA:35,3
DA:36,3
DA:37,1
DA:38,1
DA:39,1
LF:39
LH:39
BRDA:39,0,0,1
BRDA:39,1,0,3
BRDA:39,2,0,5
BRDA:39,3,0,0
BRDA:39,4,0,3
BRDA:39,5,0,5
BRDA:39,6,0,4
BRDA:39,7,0,1
BRDA:39,8,0,7
BRDA:39,9,0,2
BRDA:39,10,0,5
BRDA:39,11,0,3
BRDA:39,12,0,5
BRDA:39,13,0,0
BRDA:39,14,0,9
BRDA:39,15,0,8
BRDA:39,16,0,8
BRDA:39,17,0,0
BRDA:39,18,0,16
BRDA:39,19,0,0
BRDA:39,20,0,0
BRDA:39,21,0,0
BRDA:39,22,0,0
BRDA:39,23,0,8
BRDA:39,24,0,8
BRDA:39,25,0,5
BRDA:39,26,0,0
BRDA:39,27,0,0
BRDA:39,28,0,3
BRDA:39,29,0,0
BRDA:39,30,0,2
BRDA:39,31,0,0
BRDA:39,32,0,0
BRDA:39,33,0,0
BRDA:39,34,0,0
BRDA:39,35,0,8
BRDA:39,36,0,7
BRDA:39,37,0,1
BRDA:39,38,0,8
BRDA:39,39,0,3
BRDA:39,40,0,1
BRDA:39,41,0,2
BRDA:39,42,0,0
BRDA:39,43,0,1
BRDA:39,44,0,0
BRDA:12,45,0,1
BRDA:15,46,0,2
BRDA:19,47,0,3
BRDA:39,48,0,3
BRDA:39,49,0,8
BRDA:39,50,0,3
BRDA:39,51,0,3
BRDA:26,52,0,1
BRDA:28,53,0,2
BRDA:39,54,0,2
BRF:55
BRH:39
end_of_record
TN:
SF:src\modules\users\services\AuthenticateUserService.ts
FN:53,__awaiter
FN:53,adopt
FN:53,fulfilled
FN:53,rejected
FN:53,step
FN:53,__generator
FN:53,sent
FN:53,g.<computed>
FN:53,verb
FN:53,step
FN:53,__importDefault
FN:22,AuthenticateUserService
FN:26,AuthenticateUserService.execute
FNF:13
FNH:11
FNDA:2,__awaiter
FNDA:3,adopt
FNDA:3,fulfilled
FNDA:0,rejected
FNDA:4,step
FNDA:2,__generator
FNDA:3,sent
FNDA:0,g.<computed>
FNDA:6,verb
FNDA:5,step
FNDA:2,__importDefault
FNDA:2,AuthenticateUserService
FNDA:2,AuthenticateUserService.execute
DA:1,1
DA:2,1
DA:3,1
DA:4,1
DA:5,1
DA:6,1
DA:7,1
DA:8,1
DA:9,1
DA:10,1
DA:11,1
DA:12,1
DA:13,1
DA:14,1
DA:15,1
DA:16,1
DA:17,1
DA:18,1
DA:19,1
DA:20,1
DA:21,1
DA:22,1
DA:23,2
DA:24,2
DA:25,1
DA:26,1
DA:27,2
DA:28,2
DA:29,2
DA:30,1
DA:31,1
DA:32,1
DA:33,1
DA:34,2
DA:35,2
DA:36,0
DA:37,0
DA:38,2
DA:39,2
DA:40,2
DA:41,2
DA:42,2
DA:43,2
DA:44,2
DA:45,2
DA:46,2
DA:47,2
DA:48,2
DA:49,2
DA:50,2
DA:51,1
DA:52,1
DA:53,1
LF:53
LH:51
BRDA:53,0,0,1
BRDA:53,1,0,2
BRDA:53,2,0,3
BRDA:53,3,0,0
BRDA:53,4,0,2
BRDA:53,5,0,3
BRDA:53,6,0,2
BRDA:53,7,0,1
BRDA:53,8,0,4
BRDA:53,9,0,1
BRDA:53,10,0,3
BRDA:53,11,0,2
BRDA:53,12,0,3
BRDA:53,13,0,0
BRDA:53,14,0,6
BRDA:53,15,0,5
BRDA:53,16,0,5
BRDA:53,17,0,0
BRDA:53,18,0,10
BRDA:53,19,0,0
BRDA:53,20,0,0
BRDA:53,21,0,0
BRDA:53,22,0,0
BRDA:53,23,0,5
BRDA:53,24,0,5
BRDA:53,25,0,3
BRDA:53,26,0,0
BRDA:53,27,0,0
BRDA:53,28,0,2
BRDA:53,29,0,0
BRDA:53,30,0,1
BRDA:53,31,0,0
BRDA:53,32,0,0
BRDA:53,33,0,0
BRDA:53,34,0,0
BRDA:53,35,0,5
BRDA:53,36,0,4
BRDA:53,37,0,1
BRDA:53,38,0,5
BRDA:53,39,0,2
BRDA:53,40,0,1
BRDA:53,41,0,0
BRDA:53,42,0,2
BRDA:53,43,0,0
BRDA:19,44,0,1
BRDA:22,45,0,2
BRDA:26,46,0,2
BRDA:53,47,0,2
BRDA:53,48,0,5
BRDA:27,49,0,2
BRDA:53,50,0,2
BRDA:29,51,0,1
BRDA:53,52,0,1
BRDA:35,53,0,0
BRF:54
BRH:37
end_of_record
TN:
SF:src\modules\users\services\CreateUserService.ts
FN:40,__awaiter
FN:40,adopt
FN:40,fulfilled
FN:40,rejected
FN:40,step
FN:40,__generator
FN:40,sent
FN:40,g.<computed>
FN:40,verb
FN:40,step
FN:40,__importDefault
FN:17,CreateUserService
FN:21,CreateUserService.execute
FNF:13
FNH:11
FNDA:4,__awaiter
FNDA:10,adopt
FNDA:10,fulfilled
FNDA:0,rejected
FNDA:13,step
FNDA:4,__generator
FNDA:10,sent
FNDA:0,g.<computed>
FNDA:12,verb
FNDA:14,step
FNDA:2,__importDefault
FNDA:3,CreateUserService
FNDA:4,CreateUserService.execute
DA:1,1
DA:2,1
DA:3,1
DA:4,1
DA:5,1
DA:6,1
DA:7,1
DA:8,1
DA:9,1
DA:10,1
DA:11,1
DA:12,1
DA:13,1
DA:14,2
DA:15,2
DA:16,2
DA:17,2
DA:18,3
DA:19,3
DA:20,2
DA:21,2
DA:22,4
DA:23,4
DA:24,4
DA:25,1
DA:26,1
DA:27,3
DA:28,3
DA:29,4
DA:30,4
DA:31,4
DA:32,4
DA:33,4
DA:34,4
DA:35,4
DA:36,4
DA:37,4
DA:38,2
DA:39,1
DA:40,1
LF:40
LH:40
BRDA:40,0,0,2
BRDA:40,1,0,4
BRDA:40,2,0,10
BRDA:40,3,0,0
BRDA:40,4,0,4
BRDA:40,5,0,10
BRDA:40,6,0,9
BRDA:40,7,0,1
BRDA:40,8,0,13
BRDA:40,9,0,3
BRDA:40,10,0,10
BRDA:40,11,0,4
BRDA:40,12,0,10
BRDA:40,13,0,0
BRDA:40,14,0,12
BRDA:40,15,0,14
BRDA:40,16,0,14
BRDA:40,17,0,0
BRDA:40,18,0,28
BRDA:40,19,0,0
BRDA:40,20,0,0
BRDA:40,21,0,0
BRDA:40,22,0,0
BRDA:40,23,0,14
BRDA:40,24,0,14
BRDA:40,25,0,10
BRDA:40,26,0,0
BRDA:40,27,0,0
BRDA:40,28,0,4
BRDA:40,29,0,0
BRDA:40,30,0,3
BRDA:40,31,0,0
BRDA:40,32,0,0
BRDA:40,33,0,0
BRDA:40,34,0,0
BRDA:40,35,0,24
BRDA:40,36,0,14
BRDA:40,37,0,13
BRDA:40,38,0,1
BRDA:40,39,0,14
BRDA:40,40,0,4
BRDA:40,41,0,1
BRDA:40,42,0,3
BRDA:40,43,0,0
BRDA:40,44,0,2
BRDA:40,45,0,0
BRDA:14,46,0,2
BRDA:17,47,0,3
BRDA:21,48,0,4
BRDA:40,49,0,4
BRDA:40,50,0,14
BRDA:22,51,0,4
BRDA:40,52,0,4
BRDA:24,53,0,1
BRDA:26,54,0,3
BRDA:40,55,0,3
BRDA:40,56,0,3
BRF:57
BRH:41
end_of_record
TN:
SF:src\modules\users\services\UpdateUserAvatarService.ts
FN:1,(empty-report)
FNF:1
FNH:0
FNDA:0,(empty-report)
DA:1,0
DA:2,0
DA:3,0
DA:4,0
DA:5,0
DA:6,0
DA:7,0
DA:8,0
DA:9,0
DA:10,0
DA:11,0
DA:12,0
DA:13,0
DA:14,0
DA:15,0
DA:16,0
DA:17,0
DA:18,0
DA:19,0
DA:20,0
DA:21,0
DA:22,0
DA:23,0
DA:24,0
DA:25,0
DA:26,0
DA:27,0
DA:28,0
DA:29,0
DA:30,0
DA:31,0
DA:32,0
DA:33,0
DA:34,0
DA:35,0
DA:36,0
DA:37,0
DA:38,0
DA:39,0
DA:40,0
DA:41,0
DA:42,0
DA:43,0
DA:44,0
DA:45,0
DA:46,0
DA:47,0
LF:47
LH:0
BRDA:1,0,0,0
BRF:1
BRH:0
end_of_record
